#
# A fatal error has been detected by the Java Runtime Environment:
#
#  Internal Error (javaClasses.cpp:129), pid=8624, tid=7684
#  fatal error: Invalid layout of preloaded class
#
# JRE version: 7.0_21-b11
# Java VM: Java HotSpot(TM) 64-Bit Server VM (23.21-b01 mixed mode windows-amd64 compressed oops)
# Failed to write core dump. Minidumps are not enabled by default on client versions of Windows
#
# If you would like to submit a bug report, please visit:
#   http://bugreport.sun.com/bugreport/crash.jsp
#

---------------  T H R E A D  ---------------

Current thread (0x000000000214e000):  JavaThread "Unknown thread" [_thread_in_vm, id=7684, stack(0x0000000002000000,0x0000000002100000)]

Stack: [0x0000000002000000,0x0000000002100000]

---------------  P R O C E S S  ---------------

Java Threads: ( => current thread )

Other Threads:

=>0x000000000214e000 (exited) JavaThread "Unknown thread" [_thread_in_vm, id=7684, stack(0x0000000002000000,0x0000000002100000)]

VM state:not at safepoint (not fully initialized)

VM Mutex/Monitor currently owned by a thread: None

GC Heap History (0 events):
No events

Deoptimization events (0 events):
No events

Internal exceptions (0 events):
No events

Events (10 events):
Event: 0.234 loading class 0x000000000215adb0 done
Event: 0.234 loading class 0x0000000002169430 done
Event: 0.234 loading class 0x0000000002169220
Event: 0.235 loading class 0x0000000009f0d950
Event: 0.235 loading class 0x0000000009f0d950 done
Event: 0.235 loading class 0x0000000009f0dc50
Event: 0.235 loading class 0x0000000009f0dc50 done
Event: 0.235 loading class 0x0000000009f0c9c0
Event: 0.235 loading class 0x0000000009f0c9c0 done
Event: 0.235 loading class 0x0000000002169220 done


Dynamic libraries:
0x000007f7da6e0000 - 0x000007f7da713000 	C:\Program Files\Java\jre7\bin\javaw.exe
0x000007fc5fd50000 - 0x000007fc5ff0e000 	C:\WINDOWS\SYSTEM32\ntdll.dll
0x000007fc5ede0000 - 0x000007fc5ef16000 	C:\WINDOWS\system32\KERNEL32.DLL
0x000007fc5ccf0000 - 0x000007fc5cde3000 	C:\WINDOWS\system32\KERNELBASE.dll
0x000007fc5ef20000 - 0x000007fc5effe000 	C:\WINDOWS\system32\ADVAPI32.dll
0x000007fc5f640000 - 0x000007fc5f78c000 	C:\WINDOWS\system32\USER32.dll
0x000007fc5af20000 - 0x000007fc5b189000 	C:\WINDOWS\WinSxS\amd64_microsoft.windows.common-controls_6595b64144ccf1df_6.0.9200.16384_none_418c2a697189c07f\COMCTL32.dll
0x000007fc5f1f0000 - 0x000007fc5f295000 	C:\WINDOWS\system32\msvcrt.dll
0x000007fc5f5f0000 - 0x000007fc5f638000 	C:\WINDOWS\SYSTEM32\sechost.dll
0x000007fc5d7e0000 - 0x000007fc5d920000 	C:\WINDOWS\system32\RPCRT4.dll
0x000007fc5d640000 - 0x000007fc5d780000 	C:\WINDOWS\system32\GDI32.dll
0x000007fc5f000000 - 0x000007fc5f039000 	C:\WINDOWS\system32\IMM32.DLL
0x000007fc5f930000 - 0x000007fc5fa45000 	C:\WINDOWS\system32\MSCTF.dll
0x0000000063ab0000 - 0x0000000063b81000 	C:\Program Files\Java\jre7\bin\msvcr100.dll
0x0000000062f00000 - 0x0000000063621000 	C:\Program Files\Java\jre7\bin\server\jvm.dll
0x000007fc54f80000 - 0x000007fc54f89000 	C:\WINDOWS\SYSTEM32\WSOCK32.dll
0x000007fc59ec0000 - 0x000007fc59ee0000 	C:\WINDOWS\SYSTEM32\WINMM.dll
0x000007fc5d5c0000 - 0x000007fc5d5c7000 	C:\WINDOWS\system32\PSAPI.DLL
0x000007fc5d780000 - 0x000007fc5d7d8000 	C:\WINDOWS\system32\WS2_32.dll
0x000007fc58660000 - 0x000007fc58692000 	C:\WINDOWS\SYSTEM32\WINMMBASE.dll
0x000007fc5ec20000 - 0x000007fc5ec29000 	C:\WINDOWS\system32\NSI.dll
0x0000000063aa0000 - 0x0000000063aaf000 	C:\Program Files\Java\jre7\bin\verify.dll
0x0000000063a70000 - 0x0000000063a98000 	C:\Program Files\Java\jre7\bin\java.dll
0x0000000063a50000 - 0x0000000063a65000 	C:\Program Files\Java\jre7\bin\zip.dll

VM Arguments:
jvm_args: -Dfile.encoding=Cp1252 -Xbootclasspath:C:\Users\Angie S\Desktop\Master Semestre 1\Mobile\adt-bundle-windows-x86_64-20130917\sdk\platforms\android-18\android.jar 
java_command: org.eclipse.jdt.internal.junit.runner.RemoteTestRunner -version 3 -port 63122 -testLoaderClass org.eclipse.jdt.internal.junit4.runner.JUnit4TestLoader -loaderpluginname org.eclipse.jdt.junit4.runtime -classNames it.polimi.mad.seedgame2.BoardSituationTest
Launcher Type: SUN_STANDARD

Environment Variables:
PATH=C:\Program Files (x86)\NVIDIA Corporation\PhysX\Common;C:\Program Files (x86)\Intel\iCLS Client\;C:\Program Files\Intel\iCLS Client\;C:\WINDOWS\system32;C:\WINDOWS;C:\WINDOWS\System32\Wbem;C:\WINDOWS\System32\WindowsPowerShell\v1.0\;C:\Program Files\Intel\Intel(R) Management Engine Components\DAL;C:\Program Files\Intel\Intel(R) Management Engine Components\IPT;C:\Program Files (x86)\Intel\Intel(R) Management Engine Components\DAL;C:\Program Files (x86)\Intel\Intel(R) Management Engine Components\IPT;C:\Program Files (x86)\Calibre2\;C:\Users\Angie S\Desktop\basex\bin;C:\Program Files\Intel\WiFi\bin\;C:\Program Files\Common Files\Intel\WirelessCommon\;C:\Program Files\Intel\WiFi\bin\;C:\Program Files\Common Files\Intel\WirelessCommon\
USERNAME=Angie S
OS=Windows_NT
PROCESSOR_IDENTIFIER=Intel64 Family 6 Model 58 Stepping 9, GenuineIntel



---------------  S Y S T E M  ---------------

OS: Windows 8 , 64 bit Build 9200 

CPU:total 8 (4 cores per cpu, 2 threads per core) family 6 model 58 stepping 9, cmov, cx8, fxsr, mmx, sse, sse2, sse3, ssse3, sse4.1, sse4.2, popcnt, avx, ht, tsc, tscinvbit, tscinv

Memory: 4k page, physical 6237460k(2465556k free), swap 10749080k(4837496k free)

vm_info: Java HotSpot(TM) 64-Bit Server VM (23.21-b01) for windows-amd64 JRE (1.7.0_21-b11), built on Apr  4 2013 08:11:28 by "java_re" with unknown MS VC++:1600

time: Tue Nov 18 14:54:00 2014
elapsed time: 0 seconds

